<?xml version="1.0" encoding="UTF-8"?>
<testsuite name="LoginManagerTest" tests="3" skipped="0" failures="0" errors="0" timestamp="2023-06-01T12:09:35" hostname="DESKTOP-E8T7ITR" time="0.101">
  <properties/>
  <testcase name="testLogin_InvalidUsername()" classname="LoginManagerTest" time="0.028"/>
  <testcase name="testLogin_InvalidPassword()" classname="LoginManagerTest" time="0.004"/>
  <testcase name="testLogin_Successful()" classname="LoginManagerTest" time="0.067"/>
  <system-out><![CDATA[]]></system-out>
  <system-err><![CDATA[]]></system-err>
</testsuite>
