<?xml version="1.0" encoding="UTF-8"?>
<testsuite name="AddressManagerTest" tests="2" skipped="0" failures="0" errors="0" timestamp="2023-06-07T08:59:44" hostname="DESKTOP-E8T7ITR" time="0.012">
  <properties/>
  <testcase name="shouldSaveAddressWithAllFields()" classname="AddressManagerTest" time="0.006"/>
  <testcase name="duplicatedAddressShouldThrowException()" classname="AddressManagerTest" time="0.004"/>
  <system-out><![CDATA[]]></system-out>
  <system-err><![CDATA[]]></system-err>
</testsuite>
