<?xml version="1.0" encoding="UTF-8"?>
<testsuite name="LoginManagerTest" tests="3" skipped="0" failures="0" errors="0" timestamp="2023-06-01T11:43:46" hostname="DESKTOP-E8T7ITR" time="1.955">
  <properties/>
  <testcase name="testLogin_InvalidUsername()" classname="LoginManagerTest" time="1.818"/>
  <testcase name="testLogin_InvalidPassword()" classname="LoginManagerTest" time="0.007"/>
  <testcase name="testLogin_Successful()" classname="LoginManagerTest" time="0.127"/>
  <system-out><![CDATA[]]></system-out>
  <system-err><![CDATA[]]></system-err>
</testsuite>
