<?xml version="1.0" encoding="UTF-8"?>
<testsuite name="AccessTokenManagerTest" tests="1" skipped="0" failures="0" errors="0" timestamp="2023-06-01T12:09:33" hostname="DESKTOP-E8T7ITR" time="1.063">
  <properties/>
  <testcase name="testEncode()" classname="AccessTokenManagerTest" time="1.063"/>
  <system-out><![CDATA[]]></system-out>
  <system-err><![CDATA[]]></system-err>
</testsuite>
