<?xml version="1.0" encoding="UTF-8"?>
<testsuite name="LoginManagerTest" tests="3" skipped="0" failures="0" errors="0" timestamp="2023-06-17T13:52:22" hostname="DESKTOP-E8T7ITR" time="0.11">
  <properties/>
  <testcase name="testLogin_InvalidUsername()" classname="LoginManagerTest" time="0.033"/>
  <testcase name="testLogin_InvalidPassword()" classname="LoginManagerTest" time="0.005"/>
  <testcase name="testLogin_Successful()" classname="LoginManagerTest" time="0.071"/>
  <system-out><![CDATA[]]></system-out>
  <system-err><![CDATA[]]></system-err>
</testsuite>
