<?xml version="1.0" encoding="UTF-8"?>
<testsuite name="AccommodationManagerTest" tests="10" skipped="0" failures="0" errors="0" timestamp="2023-06-02T15:45:26" hostname="DESKTOP-E8T7ITR" time="0.694">
  <properties/>
  <testcase name="shouldSaveAccommodationWithAllFields()" classname="AccommodationManagerTest" time="0.594"/>
  <testcase name="testGetAccommodationByIdNotFound()" classname="AccommodationManagerTest" time="0.015"/>
  <testcase name="testUpdateAccommodationValid()" classname="AccommodationManagerTest" time="0.012"/>
  <testcase name="testPurchaseAccommodation()" classname="AccommodationManagerTest" time="0.008"/>
  <testcase name="testGetAccommodationById()" classname="AccommodationManagerTest" time="0.013"/>
  <testcase name="testUpdateAccommodationIdInvalid()" classname="AccommodationManagerTest" time="0.01"/>
  <testcase name="testGetAllActiveAccommodations()" classname="AccommodationManagerTest" time="0.008"/>
  <testcase name="testGetAllAccommodations()" classname="AccommodationManagerTest" time="0.005"/>
  <testcase name="testDeleteAccommodation()" classname="AccommodationManagerTest" time="0.005"/>
  <testcase name="testGetAllOwnedAccommodations()" classname="AccommodationManagerTest" time="0.006"/>
  <system-out><![CDATA[]]></system-out>
  <system-err><![CDATA[]]></system-err>
</testsuite>
