<?xml version="1.0" encoding="UTF-8"?>
<testsuite name="UserManagerTest" tests="6" skipped="0" failures="0" errors="0" timestamp="2023-05-31T14:30:54" hostname="DESKTOP-E8T7ITR" time="0.176">
  <properties/>
  <testcase name="shouldSaveRealtorWithAllFields()" classname="UserManagerTest" time="0.139"/>
  <testcase name="shouldReturnAllUsers()" classname="UserManagerTest" time="0.012"/>
  <testcase name="shouldSaveCustomerWithAllFields()" classname="UserManagerTest" time="0.006"/>
  <testcase name="testDeleteUser()" classname="UserManagerTest" time="0.003"/>
  <testcase name="testGetUserById()" classname="UserManagerTest" time="0.002"/>
  <testcase name="testUpdateUserValid()" classname="UserManagerTest" time="0.008"/>
  <system-out><![CDATA[]]></system-out>
  <system-err><![CDATA[]]></system-err>
</testsuite>
